[ 2015-08-15T14:00:22+08:00 ] ::1 /bo/Public/Admin/js/login.js
INFO: [ app_init ] --START--
INFO: Run Behavior\BuildLiteBehavior [ RunTime:0.000051s ]
INFO: [ app_init ] --END-- [ RunTime:0.001060s ]
ERR: 无法加载模块:Public

[ 2015-08-15T14:00:33+08:00 ] ::1 /bo/Public/Admin/i/favicon.png
INFO: [ app_init ] --START--
INFO: Run Behavior\BuildLiteBehavior [ RunTime:0.000041s ]
INFO: [ app_init ] --END-- [ RunTime:0.000954s ]
ERR: 无法加载模块:Public

[ 2015-08-15T14:07:55+08:00 ] ::1 /bo/Public/Admin/js/login.js
INFO: [ app_init ] --START--
INFO: Run Behavior\BuildLiteBehavior [ RunTime:0.000046s ]
INFO: [ app_init ] --END-- [ RunTime:0.001168s ]
ERR: 无法加载模块:Public

[ 2015-08-15T20:31:04+08:00 ] ::1 /bo/index.php/js/jscommon.js
INFO: [ app_init ] --START--
INFO: Run Behavior\BuildLiteBehavior [ RunTime:0.000039s ]
INFO: [ app_init ] --END-- [ RunTime:0.000871s ]
ERR: 无法加载模块:Js

[ 2015-08-15T20:31:04+08:00 ] ::1 /bo/index.php/css/index.css
INFO: [ app_init ] --START--
INFO: Run Behavior\BuildLiteBehavior [ RunTime:0.000047s ]
INFO: [ app_init ] --END-- [ RunTime:0.001152s ]
ERR: 无法加载模块:Css

[ 2015-08-15T20:31:04+08:00 ] ::1 /bo/index.php/css/base.css
INFO: [ app_init ] --START--
INFO: Run Behavior\BuildLiteBehavior [ RunTime:0.000038s ]
INFO: [ app_init ] --END-- [ RunTime:0.000873s ]
ERR: 无法加载模块:Css

[ 2015-08-15T20:31:04+08:00 ] ::1 /bo/index.php/images/index_g1.JPG
INFO: [ app_init ] --START--
INFO: Run Behavior\BuildLiteBehavior [ RunTime:0.000112s ]
INFO: [ app_init ] --END-- [ RunTime:0.001074s ]
ERR: 无法加载模块:Images

[ 2015-08-15T20:31:04+08:00 ] ::1 /bo/index.php/css/footer.css
INFO: [ app_init ] --START--
INFO: Run Behavior\BuildLiteBehavior [ RunTime:0.000050s ]
INFO: [ app_init ] --END-- [ RunTime:0.001082s ]
ERR: 无法加载模块:Css

[ 2015-08-15T20:31:04+08:00 ] ::1 /bo/index.php/js/Swipe.js
INFO: [ app_init ] --START--
INFO: Run Behavior\BuildLiteBehavior [ RunTime:0.000050s ]
INFO: [ app_init ] --END-- [ RunTime:0.002656s ]
ERR: 无法加载模块:Js

[ 2015-08-15T20:31:04+08:00 ] ::1 /bo/index.php/images/index_g2.JPG
INFO: [ app_init ] --START--
INFO: Run Behavior\BuildLiteBehavior [ RunTime:0.000048s ]
INFO: [ app_init ] --END-- [ RunTime:0.001164s ]
ERR: 无法加载模块:Images

[ 2015-08-15T20:31:04+08:00 ] ::1 /bo/index.php/js/jquery-1.8.2.min.js
INFO: [ app_init ] --START--
INFO: Run Behavior\BuildLiteBehavior [ RunTime:0.000049s ]
INFO: [ app_init ] --END-- [ RunTime:0.003488s ]
ERR: 无法加载模块:Js

[ 2015-08-15T20:31:04+08:00 ] ::1 /bo/index.php/images/nav_b5.png
INFO: [ app_init ] --START--
INFO: Run Behavior\BuildLiteBehavior [ RunTime:0.000043s ]
INFO: [ app_init ] --END-- [ RunTime:0.000917s ]
ERR: 无法加载模块:Images

[ 2015-08-15T20:31:04+08:00 ] ::1 /bo/index.php/images/nav_b2.png
INFO: [ app_init ] --START--
INFO: Run Behavior\BuildLiteBehavior [ RunTime:0.000047s ]
INFO: [ app_init ] --END-- [ RunTime:0.000962s ]
ERR: 无法加载模块:Images

[ 2015-08-15T20:31:04+08:00 ] ::1 /bo/index.php/images/nav_b1.png
INFO: [ app_init ] --START--
INFO: Run Behavior\BuildLiteBehavior [ RunTime:0.000043s ]
INFO: [ app_init ] --END-- [ RunTime:0.000966s ]
ERR: 无法加载模块:Images

[ 2015-08-15T20:31:04+08:00 ] ::1 /bo/index.php/images/nav_b4.png
INFO: [ app_init ] --START--
INFO: Run Behavior\BuildLiteBehavior [ RunTime:0.000043s ]
INFO: [ app_init ] --END-- [ RunTime:0.000960s ]
ERR: 无法加载模块:Images

[ 2015-08-15T20:31:04+08:00 ] ::1 /bo/index.php/images/nav_b3.png
INFO: [ app_init ] --START--
INFO: Run Behavior\BuildLiteBehavior [ RunTime:0.000054s ]
INFO: [ app_init ] --END-- [ RunTime:0.002198s ]
ERR: 无法加载模块:Images

[ 2015-08-15T20:31:04+08:00 ] ::1 /bo/index.php/images/nav_b8.png
INFO: [ app_init ] --START--
INFO: Run Behavior\BuildLiteBehavior [ RunTime:0.000042s ]
INFO: [ app_init ] --END-- [ RunTime:0.000871s ]
ERR: 无法加载模块:Images

[ 2015-08-15T20:31:04+08:00 ] ::1 /bo/index.php/images/index_g2.JPG
INFO: [ app_init ] --START--
INFO: Run Behavior\BuildLiteBehavior [ RunTime:0.000050s ]
INFO: [ app_init ] --END-- [ RunTime:0.002105s ]
ERR: 无法加载模块:Images

[ 2015-08-15T20:31:04+08:00 ] ::1 /bo/index.php/images/nav_b6.png
INFO: [ app_init ] --START--
INFO: Run Behavior\BuildLiteBehavior [ RunTime:0.000043s ]
INFO: [ app_init ] --END-- [ RunTime:0.000976s ]
ERR: 无法加载模块:Images

[ 2015-08-15T20:31:04+08:00 ] ::1 /bo/index.php/images/nav_b7.png
INFO: [ app_init ] --START--
INFO: Run Behavior\BuildLiteBehavior [ RunTime:0.000116s ]
INFO: [ app_init ] --END-- [ RunTime:0.003946s ]
ERR: 无法加载模块:Images

[ 2015-08-15T20:31:04+08:00 ] ::1 /bo/index.php/images/index_g1.JPG
INFO: [ app_init ] --START--
INFO: Run Behavior\BuildLiteBehavior [ RunTime:0.000092s ]
INFO: [ app_init ] --END-- [ RunTime:0.001117s ]
ERR: 无法加载模块:Images

[ 2015-08-15T20:32:36+08:00 ] ::1 /bo/index.php/images/nav_b4.png
INFO: [ app_init ] --START--
INFO: Run Behavior\BuildLiteBehavior [ RunTime:0.000038s ]
INFO: [ app_init ] --END-- [ RunTime:0.000854s ]
ERR: 无法加载模块:Images

[ 2015-08-15T20:32:36+08:00 ] ::1 /bo/index.php/images/nav_b5.png
INFO: [ app_init ] --START--
INFO: Run Behavior\BuildLiteBehavior [ RunTime:0.000048s ]
INFO: [ app_init ] --END-- [ RunTime:0.001037s ]
ERR: 无法加载模块:Images

[ 2015-08-15T20:32:36+08:00 ] ::1 /bo/index.php/images/index_g1.JPG
INFO: [ app_init ] --START--
INFO: Run Behavior\BuildLiteBehavior [ RunTime:0.000065s ]
INFO: [ app_init ] --END-- [ RunTime:0.001229s ]
ERR: 无法加载模块:Images

[ 2015-08-15T20:32:36+08:00 ] ::1 /bo/index.php/images/nav_b6.png
INFO: [ app_init ] --START--
INFO: Run Behavior\BuildLiteBehavior [ RunTime:0.000039s ]
INFO: [ app_init ] --END-- [ RunTime:0.000870s ]
ERR: 无法加载模块:Images

[ 2015-08-15T20:32:36+08:00 ] ::1 /bo/index.php/images/nav_b1.png
INFO: [ app_init ] --START--
INFO: Run Behavior\BuildLiteBehavior [ RunTime:0.000059s ]
INFO: [ app_init ] --END-- [ RunTime:0.001244s ]
ERR: 无法加载模块:Images

[ 2015-08-15T20:32:36+08:00 ] ::1 /bo/index.php/images/index_g2.JPG
INFO: [ app_init ] --START--
INFO: Run Behavior\BuildLiteBehavior [ RunTime:0.000053s ]
INFO: [ app_init ] --END-- [ RunTime:0.001735s ]
ERR: 无法加载模块:Images

[ 2015-08-15T20:32:36+08:00 ] ::1 /bo/index.php/images/nav_b3.png
INFO: [ app_init ] --START--
INFO: Run Behavior\BuildLiteBehavior [ RunTime:0.000054s ]
INFO: [ app_init ] --END-- [ RunTime:0.001707s ]
ERR: 无法加载模块:Images

[ 2015-08-15T20:32:36+08:00 ] ::1 /bo/index.php/images/nav_b2.png
INFO: [ app_init ] --START--
INFO: Run Behavior\BuildLiteBehavior [ RunTime:0.000041s ]
INFO: [ app_init ] --END-- [ RunTime:0.000929s ]
ERR: 无法加载模块:Images

[ 2015-08-15T20:32:36+08:00 ] ::1 /bo/index.php/images/nav_b8.png
INFO: [ app_init ] --START--
INFO: Run Behavior\BuildLiteBehavior [ RunTime:0.000187s ]
INFO: [ app_init ] --END-- [ RunTime:0.001088s ]
ERR: 无法加载模块:Images

[ 2015-08-15T20:32:36+08:00 ] ::1 /bo/index.php/images/nav_b7.png
INFO: [ app_init ] --START--
INFO: Run Behavior\BuildLiteBehavior [ RunTime:0.000048s ]
INFO: [ app_init ] --END-- [ RunTime:0.001107s ]
ERR: 无法加载模块:Images

[ 2015-08-15T20:32:36+08:00 ] ::1 /bo/index.php/images/nav_b5.png
INFO: [ app_init ] --START--
INFO: Run Behavior\BuildLiteBehavior [ RunTime:0.000048s ]
INFO: [ app_init ] --END-- [ RunTime:0.001000s ]
ERR: 无法加载模块:Images

[ 2015-08-15T20:32:36+08:00 ] ::1 /bo/index.php/images/nav_b4.png
INFO: [ app_init ] --START--
INFO: Run Behavior\BuildLiteBehavior [ RunTime:0.000059s ]
INFO: [ app_init ] --END-- [ RunTime:0.001471s ]
ERR: 无法加载模块:Images

[ 2015-08-15T20:32:36+08:00 ] ::1 /bo/index.php/images/index_g2.JPG
INFO: [ app_init ] --START--
INFO: Run Behavior\BuildLiteBehavior [ RunTime:0.000042s ]
INFO: [ app_init ] --END-- [ RunTime:0.001117s ]
ERR: 无法加载模块:Images

[ 2015-08-15T20:32:36+08:00 ] ::1 /bo/index.php/images/index_g1.JPG
INFO: [ app_init ] --START--
INFO: Run Behavior\BuildLiteBehavior [ RunTime:0.000047s ]
INFO: [ app_init ] --END-- [ RunTime:0.001491s ]
ERR: 无法加载模块:Images

[ 2015-08-15T20:34:12+08:00 ] ::1 /bo/index.php/images/nav_b2.png
INFO: [ app_init ] --START--
INFO: Run Behavior\BuildLiteBehavior [ RunTime:0.000084s ]
INFO: [ app_init ] --END-- [ RunTime:0.001384s ]
ERR: 无法加载模块:Images

[ 2015-08-15T20:34:12+08:00 ] ::1 /bo/index.php/images/index_g2.JPG
INFO: [ app_init ] --START--
INFO: Run Behavior\BuildLiteBehavior [ RunTime:0.000054s ]
INFO: [ app_init ] --END-- [ RunTime:0.001688s ]
ERR: 无法加载模块:Images

[ 2015-08-15T20:34:12+08:00 ] ::1 /bo/index.php/images/nav_b1.png
INFO: [ app_init ] --START--
INFO: Run Behavior\BuildLiteBehavior [ RunTime:0.000059s ]
INFO: [ app_init ] --END-- [ RunTime:0.002279s ]
ERR: 无法加载模块:Images

[ 2015-08-15T20:34:12+08:00 ] ::1 /bo/index.php/images/index_g1.JPG
INFO: [ app_init ] --START--
INFO: Run Behavior\BuildLiteBehavior [ RunTime:0.000056s ]
INFO: [ app_init ] --END-- [ RunTime:0.001346s ]
ERR: 无法加载模块:Images

[ 2015-08-15T20:34:12+08:00 ] ::1 /bo/index.php/images/nav_b2.png
INFO: [ app_init ] --START--
INFO: Run Behavior\BuildLiteBehavior [ RunTime:0.000053s ]
INFO: [ app_init ] --END-- [ RunTime:0.001246s ]
ERR: 无法加载模块:Images

[ 2015-08-15T20:34:12+08:00 ] ::1 /bo/index.php/images/index_g2.JPG
INFO: [ app_init ] --START--
INFO: Run Behavior\BuildLiteBehavior [ RunTime:0.000091s ]
INFO: [ app_init ] --END-- [ RunTime:0.002331s ]
ERR: 无法加载模块:Images

[ 2015-08-15T20:34:12+08:00 ] ::1 /bo/index.php/images/index_g1.JPG
INFO: [ app_init ] --START--
INFO: Run Behavior\BuildLiteBehavior [ RunTime:0.000047s ]
INFO: [ app_init ] --END-- [ RunTime:0.000916s ]
ERR: 无法加载模块:Images

[ 2015-08-15T20:34:56+08:00 ] ::1 /bo/Public/ss/place/car.jsp
INFO: [ app_init ] --START--
INFO: Run Behavior\BuildLiteBehavior [ RunTime:0.000039s ]
INFO: [ app_init ] --END-- [ RunTime:0.001075s ]
ERR: 无法加载模块:Public

[ 2015-08-15T20:37:09+08:00 ] ::1 /bo/Public/ss/biaoxun.jsp
INFO: [ app_init ] --START--
INFO: Run Behavior\BuildLiteBehavior [ RunTime:0.000037s ]
INFO: [ app_init ] --END-- [ RunTime:0.000985s ]
ERR: 无法加载模块:Public

[ 2015-08-15T20:38:37+08:00 ] ::1 /bo/Public/ss/biaoxun.jsp
INFO: [ app_init ] --START--
INFO: Run Behavior\BuildLiteBehavior [ RunTime:0.000043s ]
INFO: [ app_init ] --END-- [ RunTime:0.000857s ]
ERR: 无法加载模块:Public

[ 2015-08-15T20:38:38+08:00 ] ::1 /bo/Public/ss/biaoxun.jsp
INFO: [ app_init ] --START--
INFO: Run Behavior\BuildLiteBehavior [ RunTime:0.000040s ]
INFO: [ app_init ] --END-- [ RunTime:0.001493s ]
ERR: 无法加载模块:Public

[ 2015-08-15T20:44:46+08:00 ] ::1 /bo/Public/ss/center/order.jsp
INFO: [ app_init ] --START--
INFO: Run Behavior\BuildLiteBehavior [ RunTime:0.000038s ]
INFO: [ app_init ] --END-- [ RunTime:0.000970s ]
ERR: 无法加载模块:Public

[ 2015-08-15T20:45:58+08:00 ] ::1 /bo/Public/ss/center/login.jsp
INFO: [ app_init ] --START--
INFO: Run Behavior\BuildLiteBehavior [ RunTime:0.000053s ]
INFO: [ app_init ] --END-- [ RunTime:0.001473s ]
ERR: 无法加载模块:Public

[ 2015-08-15T20:46:48+08:00 ] ::1 /bo/Public/ss/center/address.jsp
INFO: [ app_init ] --START--
INFO: Run Behavior\BuildLiteBehavior [ RunTime:0.000040s ]
INFO: [ app_init ] --END-- [ RunTime:0.000866s ]
ERR: 无法加载模块:Public

[ 2015-08-15T20:46:53+08:00 ] ::1 /bo/Public/ss/center/more.jsp
INFO: [ app_init ] --START--
INFO: Run Behavior\BuildLiteBehavior [ RunTime:0.000048s ]
INFO: [ app_init ] --END-- [ RunTime:0.002079s ]
ERR: 无法加载模块:Public

[ 2015-08-15T21:00:41+08:00 ] ::1 /bo/index.php/css/base.css
INFO: [ app_init ] --START--
INFO: Run Behavior\BuildLiteBehavior [ RunTime:0.000066s ]
INFO: [ app_init ] --END-- [ RunTime:0.001120s ]
ERR: 无法加载模块:Css

[ 2015-08-15T21:00:41+08:00 ] ::1 /bo/index.php/css/ssbj-bx.css
INFO: [ app_init ] --START--
INFO: Run Behavior\BuildLiteBehavior [ RunTime:0.000044s ]
INFO: [ app_init ] --END-- [ RunTime:0.001274s ]
ERR: 无法加载模块:Css

[ 2015-08-15T21:44:01+08:00 ] ::1 /bo/index.php/tongzhuang.jsp
INFO: [ app_init ] --START--
INFO: Run Behavior\BuildLiteBehavior [ RunTime:0.000038s ]
INFO: [ app_init ] --END-- [ RunTime:0.001018s ]
ERR: 无法加载模块:Tongzhuang

[ 2015-08-15T21:51:32+08:00 ] ::1 /bo/index.php/pinzhuangshui.jsp
INFO: [ app_init ] --START--
INFO: Run Behavior\BuildLiteBehavior [ RunTime:0.000041s ]
INFO: [ app_init ] --END-- [ RunTime:0.001071s ]
ERR: 无法加载模块:Pinzhuangshui

[ 2015-08-15T22:11:40+08:00 ] ::1 /bo/index.php/tongzhuang.jsp
INFO: [ app_init ] --START--
INFO: Run Behavior\BuildLiteBehavior [ RunTime:0.000039s ]
INFO: [ app_init ] --END-- [ RunTime:0.001036s ]
ERR: 无法加载模块:Tongzhuang

[ 2015-08-15T22:12:19+08:00 ] ::1 /bo/index.php/cjwt.jsp
INFO: [ app_init ] --START--
INFO: Run Behavior\BuildLiteBehavior [ RunTime:0.000037s ]
INFO: [ app_init ] --END-- [ RunTime:0.000857s ]
ERR: 无法加载模块:Cjwt

[ 2015-08-15T22:17:29+08:00 ] ::1 /bo/Public/Admin/i/favicon.png
INFO: [ app_init ] --START--
INFO: Run Behavior\BuildLiteBehavior [ RunTime:0.000052s ]
INFO: [ app_init ] --END-- [ RunTime:0.000900s ]
ERR: 无法加载模块:Public

